2026-03-19 12:25:54 [background-preinit] INFO  o.h.validator.internal.util.Version - HV000001: Hibernate Validator 8.0.1.Final
2026-03-19 12:25:55 [main] INFO  r.k.d.c.HistoryControllerTest - Starting HistoryControllerTest using Java 21.0.9 with PID 7372 (started by CĆTĆLINA$ in C:\Users\ungur\OneDrive\Documente\cata\proiecte personale\ntt\proiect\Java-Tech_Treck\backend)
2026-03-19 12:25:55 [main] DEBUG r.k.d.c.HistoryControllerTest - Running with Spring Boot v3.3.4, Spring v6.1.13
2026-03-19 12:25:55 [main] INFO  r.k.d.c.HistoryControllerTest - No active profile set, falling back to 1 default profile: "default"
2026-03-19 12:26:07 [main] WARN  o.s.b.a.s.s.UserDetailsServiceAutoConfiguration - 

Using generated security password: 7780d91f-b85f-46e7-a5bb-679602d85f1b

This generated password is for development use only. Your security configuration must be updated before running your application in production.

2026-03-19 12:26:07 [main] INFO  o.s.s.c.a.a.c.InitializeUserDetailsBeanManagerConfigurer$InitializeUserDetailsManagerConfigurer - Global AuthenticationManager configured with UserDetailsService bean with name inMemoryUserDetailsManager
2026-03-19 12:26:08 [main] INFO  o.s.b.t.m.w.SpringBootMockServletContext - Initializing Spring TestDispatcherServlet ''
2026-03-19 12:26:08 [main] INFO  o.s.t.w.s.TestDispatcherServlet - Initializing Servlet ''
2026-03-19 12:26:08 [main] INFO  o.s.t.w.s.TestDispatcherServlet - Completed initialization in 8 ms
2026-03-19 12:26:08 [main] INFO  r.k.d.c.HistoryControllerTest - Started HistoryControllerTest in 15.962 seconds (process running for 25.046)
2026-03-19 12:26:09 [main] INFO  o.s.t.c.s.AnnotationConfigContextLoaderUtils - Could not detect default configuration classes for test class [ro.krumpi.demo.controllerTests.OrderControllerTest]: OrderControllerTest does not declare any static, non-private, non-final, nested classes annotated with @Configuration.
2026-03-19 12:26:09 [main] INFO  o.s.b.t.c.SpringBootTestContextBootstrapper - Found @SpringBootConfiguration ro.krumpi.demo.DemoApplication for test class ro.krumpi.demo.controllerTests.OrderControllerTest
2026-03-19 12:26:09 [main] INFO  r.k.d.c.OrderControllerTest - Starting OrderControllerTest using Java 21.0.9 with PID 7372 (started by CĆTĆLINA$ in C:\Users\ungur\OneDrive\Documente\cata\proiecte personale\ntt\proiect\Java-Tech_Treck\backend)
2026-03-19 12:26:09 [main] DEBUG r.k.d.c.OrderControllerTest - Running with Spring Boot v3.3.4, Spring v6.1.13
2026-03-19 12:26:09 [main] INFO  r.k.d.c.OrderControllerTest - No active profile set, falling back to 1 default profile: "default"
2026-03-19 12:26:11 [main] WARN  o.s.b.a.s.s.UserDetailsServiceAutoConfiguration - 

Using generated security password: 01df516a-61aa-43bb-a37e-cf024e81aa2e

This generated password is for development use only. Your security configuration must be updated before running your application in production.

2026-03-19 12:26:11 [main] INFO  o.s.s.c.a.a.c.InitializeUserDetailsBeanManagerConfigurer$InitializeUserDetailsManagerConfigurer - Global AuthenticationManager configured with UserDetailsService bean with name inMemoryUserDetailsManager
2026-03-19 12:26:11 [main] INFO  o.s.b.t.m.w.SpringBootMockServletContext - Initializing Spring TestDispatcherServlet ''
2026-03-19 12:26:11 [main] INFO  o.s.t.w.s.TestDispatcherServlet - Initializing Servlet ''
2026-03-19 12:26:11 [main] INFO  o.s.t.w.s.TestDispatcherServlet - Completed initialization in 0 ms
2026-03-19 12:26:11 [main] INFO  r.k.d.c.OrderControllerTest - Started OrderControllerTest in 1.84 seconds (process running for 28.008)
2026-03-19 12:26:11 [main] INFO  o.s.t.c.s.AnnotationConfigContextLoaderUtils - Could not detect default configuration classes for test class [ro.krumpi.demo.controllerTests.ProductControllerTest]: ProductControllerTest does not declare any static, non-private, non-final, nested classes annotated with @Configuration.
2026-03-19 12:26:11 [main] INFO  o.s.b.t.c.SpringBootTestContextBootstrapper - Found @SpringBootConfiguration ro.krumpi.demo.DemoApplication for test class ro.krumpi.demo.controllerTests.ProductControllerTest
2026-03-19 12:26:11 [main] INFO  r.k.d.c.ProductControllerTest - Starting ProductControllerTest using Java 21.0.9 with PID 7372 (started by CĆTĆLINA$ in C:\Users\ungur\OneDrive\Documente\cata\proiecte personale\ntt\proiect\Java-Tech_Treck\backend)
2026-03-19 12:26:11 [main] DEBUG r.k.d.c.ProductControllerTest - Running with Spring Boot v3.3.4, Spring v6.1.13
2026-03-19 12:26:11 [main] INFO  r.k.d.c.ProductControllerTest - No active profile set, falling back to 1 default profile: "default"
2026-03-19 12:26:12 [main] WARN  o.s.b.a.s.s.UserDetailsServiceAutoConfiguration - 

Using generated security password: f258a221-6bc1-440e-8cf8-a9de151d90e0

This generated password is for development use only. Your security configuration must be updated before running your application in production.

2026-03-19 12:26:12 [main] INFO  o.s.s.c.a.a.c.InitializeUserDetailsBeanManagerConfigurer$InitializeUserDetailsManagerConfigurer - Global AuthenticationManager configured with UserDetailsService bean with name inMemoryUserDetailsManager
2026-03-19 12:26:12 [main] INFO  o.s.b.t.m.w.SpringBootMockServletContext - Initializing Spring TestDispatcherServlet ''
2026-03-19 12:26:12 [main] INFO  o.s.t.w.s.TestDispatcherServlet - Initializing Servlet ''
2026-03-19 12:26:12 [main] INFO  o.s.t.w.s.TestDispatcherServlet - Completed initialization in 0 ms
2026-03-19 12:26:12 [main] INFO  r.k.d.c.ProductControllerTest - Started ProductControllerTest in 1.046 seconds (process running for 29.314)
2026-03-19 12:26:12 [main] INFO  o.s.t.c.s.AnnotationConfigContextLoaderUtils - Could not detect default configuration classes for test class [ro.krumpi.demo.DemoApplicationTests]: DemoApplicationTests does not declare any static, non-private, non-final, nested classes annotated with @Configuration.
2026-03-19 12:26:12 [main] INFO  o.s.b.t.c.SpringBootTestContextBootstrapper - Found @SpringBootConfiguration ro.krumpi.demo.DemoApplication for test class ro.krumpi.demo.DemoApplicationTests
2026-03-19 12:26:12 [main] INFO  ro.krumpi.demo.DemoApplicationTests - Starting DemoApplicationTests using Java 21.0.9 with PID 7372 (started by CĆTĆLINA$ in C:\Users\ungur\OneDrive\Documente\cata\proiecte personale\ntt\proiect\Java-Tech_Treck\backend)
2026-03-19 12:26:12 [main] DEBUG ro.krumpi.demo.DemoApplicationTests - Running with Spring Boot v3.3.4, Spring v6.1.13
2026-03-19 12:26:12 [main] INFO  ro.krumpi.demo.DemoApplicationTests - The following 1 profile is active: "test"
2026-03-19 12:26:15 [main] INFO  o.s.d.r.c.RepositoryConfigurationDelegate - Bootstrapping Spring Data JPA repositories in DEFAULT mode.
2026-03-19 12:26:15 [main] INFO  o.s.d.r.c.RepositoryConfigurationDelegate - Finished Spring Data repository scanning in 343 ms. Found 10 JPA repository interfaces.
2026-03-19 12:26:17 [main] INFO  o.h.jpa.internal.util.LogHelper - HHH000204: Processing PersistenceUnitInfo [name: default]
2026-03-19 12:26:17 [main] INFO  org.hibernate.Version - HHH000412: Hibernate ORM core version 6.5.3.Final
2026-03-19 12:26:17 [main] INFO  o.h.c.i.RegionFactoryInitiator - HHH000026: Second-level cache disabled
2026-03-19 12:26:18 [main] INFO  o.s.o.j.p.SpringPersistenceUnitInfo - No LoadTimeWeaver setup: ignoring JPA class transformer
2026-03-19 12:26:18 [main] INFO  com.zaxxer.hikari.HikariDataSource - HikariPool-1 - Starting...
2026-03-19 12:26:19 [main] INFO  com.zaxxer.hikari.pool.HikariPool - HikariPool-1 - Added connection conn0: url=jdbc:h2:mem:testdb user=POSTGRES
2026-03-19 12:26:19 [main] INFO  com.zaxxer.hikari.HikariDataSource - HikariPool-1 - Start completed.
2026-03-19 12:26:19 [main] WARN  org.hibernate.dialect.Dialect - HHH000511: The 2.2.224 version for [org.hibernate.dialect.PostgreSQLDialect] is no longer supported, hence certain features may not work properly. The minimum supported version is 12.0.0. Check the community dialects project for available legacy versions.
2026-03-19 12:26:19 [main] WARN  org.hibernate.orm.deprecation - HHH90000025: PostgreSQLDialect does not need to be specified explicitly using 'hibernate.dialect' (remove the property setting and it will be selected by default)
2026-03-19 12:26:25 [main] INFO  o.h.e.t.j.p.i.JtaPlatformInitiator - HHH000489: No JTA platform available (set 'hibernate.transaction.jta.platform' to enable JTA platform integration)
2026-03-19 12:26:26 [main] INFO  o.s.o.j.LocalContainerEntityManagerFactoryBean - Initialized JPA EntityManagerFactory for persistence unit 'default'
2026-03-19 12:26:28 [main] INFO  o.s.s.c.a.a.c.InitializeAuthenticationProviderBeanManagerConfigurer$InitializeAuthenticationProviderManagerConfigurer - Global AuthenticationManager configured with AuthenticationProvider bean with name authenticationProvider
2026-03-19 12:26:28 [main] WARN  o.s.s.c.a.a.c.InitializeUserDetailsBeanManagerConfigurer$InitializeUserDetailsManagerConfigurer - Global AuthenticationManager configured with an AuthenticationProvider bean. UserDetailsService beans will not be used for username/password login. Consider removing the AuthenticationProvider bean. Alternatively, consider using the UserDetailsService in a manually instantiated DaoAuthenticationProvider.
2026-03-19 12:26:29 [main] INFO  o.s.d.j.r.query.QueryEnhancerFactory - Hibernate is in classpath; If applicable, HQL parser will be used.
2026-03-19 12:26:31 [main] WARN  o.s.b.a.o.j.JpaBaseConfiguration$JpaWebConfiguration - spring.jpa.open-in-view is enabled by default. Therefore, database queries may be performed during view rendering. Explicitly configure spring.jpa.open-in-view to disable this warning
2026-03-19 12:26:33 [main] INFO  ro.krumpi.demo.DemoApplicationTests - Started DemoApplicationTests in 20.608 seconds (process running for 50.092)
2026-03-19 12:26:35 [main] ERROR r.k.d.s.InvoiceNotificationScheduler - Eroarr INV-2026-001: SMTP Server Down
2026-03-19 12:26:36 [SpringApplicationShutdownHook] INFO  o.s.o.j.LocalContainerEntityManagerFactoryBean - Closing JPA EntityManagerFactory for persistence unit 'default'
2026-03-19 12:26:37 [SpringApplicationShutdownHook] INFO  com.zaxxer.hikari.HikariDataSource - HikariPool-1 - Shutdown initiated...
2026-03-19 12:26:37 [SpringApplicationShutdownHook] INFO  com.zaxxer.hikari.HikariDataSource - HikariPool-1 - Shutdown completed.
2026-03-19 12:30:44 [background-preinit] INFO  o.h.validator.internal.util.Version - HV000001: Hibernate Validator 8.0.1.Final
2026-03-19 12:30:45 [main] INFO  r.k.d.c.HistoryControllerTest - Starting HistoryControllerTest using Java 21.0.9 with PID 27164 (started by CĆTĆLINA$ in C:\Users\ungur\OneDrive\Documente\cata\proiecte personale\ntt\proiect\Java-Tech_Treck\backend)
2026-03-19 12:30:45 [main] DEBUG r.k.d.c.HistoryControllerTest - Running with Spring Boot v3.3.4, Spring v6.1.13
2026-03-19 12:30:45 [main] INFO  r.k.d.c.HistoryControllerTest - No active profile set, falling back to 1 default profile: "default"
2026-03-19 12:30:56 [main] WARN  o.s.b.a.s.s.UserDetailsServiceAutoConfiguration - 

Using generated security password: 7fcbd28a-a535-47ea-b743-c39020d6037e

This generated password is for development use only. Your security configuration must be updated before running your application in production.

2026-03-19 12:30:56 [main] INFO  o.s.s.c.a.a.c.InitializeUserDetailsBeanManagerConfigurer$InitializeUserDetailsManagerConfigurer - Global AuthenticationManager configured with UserDetailsService bean with name inMemoryUserDetailsManager
2026-03-19 12:30:57 [main] INFO  o.s.b.t.m.w.SpringBootMockServletContext - Initializing Spring TestDispatcherServlet ''
2026-03-19 12:30:57 [main] INFO  o.s.t.w.s.TestDispatcherServlet - Initializing Servlet ''
2026-03-19 12:30:57 [main] INFO  o.s.t.w.s.TestDispatcherServlet - Completed initialization in 5 ms
2026-03-19 12:30:57 [main] INFO  r.k.d.c.HistoryControllerTest - Started HistoryControllerTest in 13.899 seconds (process running for 18.449)
2026-03-19 12:30:58 [main] INFO  o.s.t.c.s.AnnotationConfigContextLoaderUtils - Could not detect default configuration classes for test class [ro.krumpi.demo.controllerTests.OrderControllerTest]: OrderControllerTest does not declare any static, non-private, non-final, nested classes annotated with @Configuration.
2026-03-19 12:30:58 [main] INFO  o.s.b.t.c.SpringBootTestContextBootstrapper - Found @SpringBootConfiguration ro.krumpi.demo.DemoApplication for test class ro.krumpi.demo.controllerTests.OrderControllerTest
2026-03-19 12:30:59 [main] INFO  r.k.d.c.OrderControllerTest - Starting OrderControllerTest using Java 21.0.9 with PID 27164 (started by CĆTĆLINA$ in C:\Users\ungur\OneDrive\Documente\cata\proiecte personale\ntt\proiect\Java-Tech_Treck\backend)
2026-03-19 12:30:59 [main] DEBUG r.k.d.c.OrderControllerTest - Running with Spring Boot v3.3.4, Spring v6.1.13
2026-03-19 12:30:59 [main] INFO  r.k.d.c.OrderControllerTest - No active profile set, falling back to 1 default profile: "default"
2026-03-19 12:31:00 [main] WARN  o.s.b.a.s.s.UserDetailsServiceAutoConfiguration - 

Using generated security password: 7b02a39c-c8a2-40e5-8886-3b5c6ef6202e

This generated password is for development use only. Your security configuration must be updated before running your application in production.

2026-03-19 12:31:00 [main] INFO  o.s.s.c.a.a.c.InitializeUserDetailsBeanManagerConfigurer$InitializeUserDetailsManagerConfigurer - Global AuthenticationManager configured with UserDetailsService bean with name inMemoryUserDetailsManager
2026-03-19 12:31:00 [main] INFO  o.s.b.t.m.w.SpringBootMockServletContext - Initializing Spring TestDispatcherServlet ''
2026-03-19 12:31:00 [main] INFO  o.s.t.w.s.TestDispatcherServlet - Initializing Servlet ''
2026-03-19 12:31:00 [main] INFO  o.s.t.w.s.TestDispatcherServlet - Completed initialization in 0 ms
2026-03-19 12:31:00 [main] INFO  r.k.d.c.OrderControllerTest - Started OrderControllerTest in 1.816 seconds (process running for 21.849)
2026-03-19 12:31:01 [main] INFO  o.s.t.c.s.AnnotationConfigContextLoaderUtils - Could not detect default configuration classes for test class [ro.krumpi.demo.controllerTests.ProductControllerTest]: ProductControllerTest does not declare any static, non-private, non-final, nested classes annotated with @Configuration.
2026-03-19 12:31:01 [main] INFO  o.s.b.t.c.SpringBootTestContextBootstrapper - Found @SpringBootConfiguration ro.krumpi.demo.DemoApplication for test class ro.krumpi.demo.controllerTests.ProductControllerTest
2026-03-19 12:31:01 [main] INFO  r.k.d.c.ProductControllerTest - Starting ProductControllerTest using Java 21.0.9 with PID 27164 (started by CĆTĆLINA$ in C:\Users\ungur\OneDrive\Documente\cata\proiecte personale\ntt\proiect\Java-Tech_Treck\backend)
2026-03-19 12:31:01 [main] DEBUG r.k.d.c.ProductControllerTest - Running with Spring Boot v3.3.4, Spring v6.1.13
2026-03-19 12:31:01 [main] INFO  r.k.d.c.ProductControllerTest - No active profile set, falling back to 1 default profile: "default"
2026-03-19 12:31:02 [main] WARN  o.s.b.a.s.s.UserDetailsServiceAutoConfiguration - 

Using generated security password: 9957b631-ea45-4369-9d5e-8b223aee9d23

This generated password is for development use only. Your security configuration must be updated before running your application in production.

2026-03-19 12:31:02 [main] INFO  o.s.s.c.a.a.c.InitializeUserDetailsBeanManagerConfigurer$InitializeUserDetailsManagerConfigurer - Global AuthenticationManager configured with UserDetailsService bean with name inMemoryUserDetailsManager
2026-03-19 12:31:02 [main] INFO  o.s.b.t.m.w.SpringBootMockServletContext - Initializing Spring TestDispatcherServlet ''
2026-03-19 12:31:02 [main] INFO  o.s.t.w.s.TestDispatcherServlet - Initializing Servlet ''
2026-03-19 12:31:02 [main] INFO  o.s.t.w.s.TestDispatcherServlet - Completed initialization in 2 ms
2026-03-19 12:31:02 [main] INFO  r.k.d.c.ProductControllerTest - Started ProductControllerTest in 1.32 seconds (process running for 23.478)
2026-03-19 12:31:02 [main] INFO  o.s.t.c.s.AnnotationConfigContextLoaderUtils - Could not detect default configuration classes for test class [ro.krumpi.demo.DemoApplicationTests]: DemoApplicationTests does not declare any static, non-private, non-final, nested classes annotated with @Configuration.
2026-03-19 12:31:02 [main] INFO  o.s.b.t.c.SpringBootTestContextBootstrapper - Found @SpringBootConfiguration ro.krumpi.demo.DemoApplication for test class ro.krumpi.demo.DemoApplicationTests
2026-03-19 12:31:02 [main] INFO  ro.krumpi.demo.DemoApplicationTests - Starting DemoApplicationTests using Java 21.0.9 with PID 27164 (started by CĆTĆLINA$ in C:\Users\ungur\OneDrive\Documente\cata\proiecte personale\ntt\proiect\Java-Tech_Treck\backend)
2026-03-19 12:31:02 [main] DEBUG ro.krumpi.demo.DemoApplicationTests - Running with Spring Boot v3.3.4, Spring v6.1.13
2026-03-19 12:31:02 [main] INFO  ro.krumpi.demo.DemoApplicationTests - The following 1 profile is active: "test"
2026-03-19 12:31:07 [main] INFO  o.s.d.r.c.RepositoryConfigurationDelegate - Bootstrapping Spring Data JPA repositories in DEFAULT mode.
2026-03-19 12:31:08 [main] INFO  o.s.d.r.c.RepositoryConfigurationDelegate - Finished Spring Data repository scanning in 977 ms. Found 10 JPA repository interfaces.
2026-03-19 12:31:10 [main] INFO  o.h.jpa.internal.util.LogHelper - HHH000204: Processing PersistenceUnitInfo [name: default]
2026-03-19 12:31:11 [main] INFO  org.hibernate.Version - HHH000412: Hibernate ORM core version 6.5.3.Final
2026-03-19 12:31:11 [main] INFO  o.h.c.i.RegionFactoryInitiator - HHH000026: Second-level cache disabled
2026-03-19 12:31:12 [main] INFO  o.s.o.j.p.SpringPersistenceUnitInfo - No LoadTimeWeaver setup: ignoring JPA class transformer
2026-03-19 12:31:12 [main] INFO  com.zaxxer.hikari.HikariDataSource - HikariPool-1 - Starting...
2026-03-19 12:31:13 [main] INFO  com.zaxxer.hikari.pool.HikariPool - HikariPool-1 - Added connection conn0: url=jdbc:h2:mem:testdb user=POSTGRES
2026-03-19 12:31:13 [main] INFO  com.zaxxer.hikari.HikariDataSource - HikariPool-1 - Start completed.
2026-03-19 12:31:14 [main] WARN  org.hibernate.dialect.Dialect - HHH000511: The 2.2.224 version for [org.hibernate.dialect.PostgreSQLDialect] is no longer supported, hence certain features may not work properly. The minimum supported version is 12.0.0. Check the community dialects project for available legacy versions.
2026-03-19 12:31:14 [main] WARN  org.hibernate.orm.deprecation - HHH90000025: PostgreSQLDialect does not need to be specified explicitly using 'hibernate.dialect' (remove the property setting and it will be selected by default)
2026-03-19 12:31:19 [main] INFO  o.h.e.t.j.p.i.JtaPlatformInitiator - HHH000489: No JTA platform available (set 'hibernate.transaction.jta.platform' to enable JTA platform integration)
2026-03-19 12:31:19 [main] INFO  o.s.o.j.LocalContainerEntityManagerFactoryBean - Initialized JPA EntityManagerFactory for persistence unit 'default'
2026-03-19 12:31:20 [main] INFO  o.s.s.c.a.a.c.InitializeAuthenticationProviderBeanManagerConfigurer$InitializeAuthenticationProviderManagerConfigurer - Global AuthenticationManager configured with AuthenticationProvider bean with name authenticationProvider
2026-03-19 12:31:20 [main] WARN  o.s.s.c.a.a.c.InitializeUserDetailsBeanManagerConfigurer$InitializeUserDetailsManagerConfigurer - Global AuthenticationManager configured with an AuthenticationProvider bean. UserDetailsService beans will not be used for username/password login. Consider removing the AuthenticationProvider bean. Alternatively, consider using the UserDetailsService in a manually instantiated DaoAuthenticationProvider.
2026-03-19 12:31:21 [main] INFO  o.s.d.j.r.query.QueryEnhancerFactory - Hibernate is in classpath; If applicable, HQL parser will be used.
2026-03-19 12:31:23 [main] WARN  o.s.b.a.o.j.JpaBaseConfiguration$JpaWebConfiguration - spring.jpa.open-in-view is enabled by default. Therefore, database queries may be performed during view rendering. Explicitly configure spring.jpa.open-in-view to disable this warning
2026-03-19 12:31:24 [main] INFO  ro.krumpi.demo.DemoApplicationTests - Started DemoApplicationTests in 22.243 seconds (process running for 45.939)
2026-03-19 12:31:26 [main] ERROR r.k.d.s.InvoiceNotificationScheduler - Eroarr INV-2026-001: SMTP Server Down
2026-03-19 12:31:27 [SpringApplicationShutdownHook] INFO  o.s.o.j.LocalContainerEntityManagerFactoryBean - Closing JPA EntityManagerFactory for persistence unit 'default'
2026-03-19 12:31:28 [SpringApplicationShutdownHook] INFO  com.zaxxer.hikari.HikariDataSource - HikariPool-1 - Shutdown initiated...
2026-03-19 12:31:28 [SpringApplicationShutdownHook] INFO  com.zaxxer.hikari.HikariDataSource - HikariPool-1 - Shutdown completed.
2026-03-19 16:23:16 [background-preinit] INFO  o.h.validator.internal.util.Version - HV000001: Hibernate Validator 8.0.1.Final
2026-03-19 16:23:16 [main] INFO  r.k.d.c.HistoryControllerTest - Starting HistoryControllerTest using Java 21.0.9 with PID 21724 (started by CĆTĆLINA$ in C:\Users\ungur\OneDrive\Documente\cata\proiecte personale\ntt\proiect\Java-Tech_Treck\backend)
2026-03-19 16:23:16 [main] DEBUG r.k.d.c.HistoryControllerTest - Running with Spring Boot v3.3.4, Spring v6.1.13
2026-03-19 16:23:16 [main] INFO  r.k.d.c.HistoryControllerTest - No active profile set, falling back to 1 default profile: "default"
2026-03-19 16:23:24 [main] WARN  o.s.b.a.s.s.UserDetailsServiceAutoConfiguration - 

Using generated security password: e3748829-2119-4d98-ab15-7db9d4df97c6

This generated password is for development use only. Your security configuration must be updated before running your application in production.

2026-03-19 16:23:24 [main] INFO  o.s.s.c.a.a.c.InitializeUserDetailsBeanManagerConfigurer$InitializeUserDetailsManagerConfigurer - Global AuthenticationManager configured with UserDetailsService bean with name inMemoryUserDetailsManager
2026-03-19 16:23:25 [main] INFO  o.s.b.t.m.w.SpringBootMockServletContext - Initializing Spring TestDispatcherServlet ''
2026-03-19 16:23:25 [main] INFO  o.s.t.w.s.TestDispatcherServlet - Initializing Servlet ''
2026-03-19 16:23:25 [main] INFO  o.s.t.w.s.TestDispatcherServlet - Completed initialization in 3 ms
2026-03-19 16:23:25 [main] INFO  r.k.d.c.HistoryControllerTest - Started HistoryControllerTest in 9.58 seconds (process running for 11.757)
2026-03-19 16:23:26 [main] INFO  o.s.t.c.s.AnnotationConfigContextLoaderUtils - Could not detect default configuration classes for test class [ro.krumpi.demo.controllerTests.OrderControllerTest]: OrderControllerTest does not declare any static, non-private, non-final, nested classes annotated with @Configuration.
2026-03-19 16:23:26 [main] INFO  o.s.b.t.c.SpringBootTestContextBootstrapper - Found @SpringBootConfiguration ro.krumpi.demo.DemoApplication for test class ro.krumpi.demo.controllerTests.OrderControllerTest
2026-03-19 16:23:26 [main] INFO  r.k.d.c.OrderControllerTest - Starting OrderControllerTest using Java 21.0.9 with PID 21724 (started by CĆTĆLINA$ in C:\Users\ungur\OneDrive\Documente\cata\proiecte personale\ntt\proiect\Java-Tech_Treck\backend)
2026-03-19 16:23:26 [main] DEBUG r.k.d.c.OrderControllerTest - Running with Spring Boot v3.3.4, Spring v6.1.13
2026-03-19 16:23:26 [main] INFO  r.k.d.c.OrderControllerTest - No active profile set, falling back to 1 default profile: "default"
2026-03-19 16:23:27 [main] WARN  o.s.b.a.s.s.UserDetailsServiceAutoConfiguration - 

Using generated security password: aff08034-8541-44d9-809c-6e8508ba81c4

This generated password is for development use only. Your security configuration must be updated before running your application in production.

2026-03-19 16:23:27 [main] INFO  o.s.s.c.a.a.c.InitializeUserDetailsBeanManagerConfigurer$InitializeUserDetailsManagerConfigurer - Global AuthenticationManager configured with UserDetailsService bean with name inMemoryUserDetailsManager
2026-03-19 16:23:27 [main] INFO  o.s.b.t.m.w.SpringBootMockServletContext - Initializing Spring TestDispatcherServlet ''
2026-03-19 16:23:27 [main] INFO  o.s.t.w.s.TestDispatcherServlet - Initializing Servlet ''
2026-03-19 16:23:27 [main] INFO  o.s.t.w.s.TestDispatcherServlet - Completed initialization in 2 ms
2026-03-19 16:23:27 [main] INFO  r.k.d.c.OrderControllerTest - Started OrderControllerTest in 1.082 seconds (process running for 13.703)
2026-03-19 16:23:27 [main] INFO  o.s.t.c.s.AnnotationConfigContextLoaderUtils - Could not detect default configuration classes for test class [ro.krumpi.demo.controllerTests.ProductControllerTest]: ProductControllerTest does not declare any static, non-private, non-final, nested classes annotated with @Configuration.
2026-03-19 16:23:27 [main] INFO  o.s.b.t.c.SpringBootTestContextBootstrapper - Found @SpringBootConfiguration ro.krumpi.demo.DemoApplication for test class ro.krumpi.demo.controllerTests.ProductControllerTest
2026-03-19 16:23:27 [main] INFO  r.k.d.c.ProductControllerTest - Starting ProductControllerTest using Java 21.0.9 with PID 21724 (started by CĆTĆLINA$ in C:\Users\ungur\OneDrive\Documente\cata\proiecte personale\ntt\proiect\Java-Tech_Treck\backend)
2026-03-19 16:23:27 [main] DEBUG r.k.d.c.ProductControllerTest - Running with Spring Boot v3.3.4, Spring v6.1.13
2026-03-19 16:23:27 [main] INFO  r.k.d.c.ProductControllerTest - No active profile set, falling back to 1 default profile: "default"
2026-03-19 16:23:28 [main] WARN  o.s.b.a.s.s.UserDetailsServiceAutoConfiguration - 

Using generated security password: aa8621fd-6e43-406e-a81f-a666b0364d2b

This generated password is for development use only. Your security configuration must be updated before running your application in production.

2026-03-19 16:23:28 [main] INFO  o.s.s.c.a.a.c.InitializeUserDetailsBeanManagerConfigurer$InitializeUserDetailsManagerConfigurer - Global AuthenticationManager configured with UserDetailsService bean with name inMemoryUserDetailsManager
2026-03-19 16:23:28 [main] INFO  o.s.b.t.m.w.SpringBootMockServletContext - Initializing Spring TestDispatcherServlet ''
2026-03-19 16:23:28 [main] INFO  o.s.t.w.s.TestDispatcherServlet - Initializing Servlet ''
2026-03-19 16:23:28 [main] INFO  o.s.t.w.s.TestDispatcherServlet - Completed initialization in 1 ms
2026-03-19 16:23:28 [main] INFO  r.k.d.c.ProductControllerTest - Started ProductControllerTest in 0.653 seconds (process running for 14.53)
2026-03-19 16:23:28 [main] INFO  o.s.t.c.s.AnnotationConfigContextLoaderUtils - Could not detect default configuration classes for test class [ro.krumpi.demo.DemoApplicationTests]: DemoApplicationTests does not declare any static, non-private, non-final, nested classes annotated with @Configuration.
2026-03-19 16:23:28 [main] INFO  o.s.b.t.c.SpringBootTestContextBootstrapper - Found @SpringBootConfiguration ro.krumpi.demo.DemoApplication for test class ro.krumpi.demo.DemoApplicationTests
2026-03-19 16:23:28 [main] INFO  ro.krumpi.demo.DemoApplicationTests - Starting DemoApplicationTests using Java 21.0.9 with PID 21724 (started by CĆTĆLINA$ in C:\Users\ungur\OneDrive\Documente\cata\proiecte personale\ntt\proiect\Java-Tech_Treck\backend)
2026-03-19 16:23:28 [main] DEBUG ro.krumpi.demo.DemoApplicationTests - Running with Spring Boot v3.3.4, Spring v6.1.13
2026-03-19 16:23:28 [main] INFO  ro.krumpi.demo.DemoApplicationTests - The following 1 profile is active: "test"
2026-03-19 16:23:29 [main] INFO  o.s.d.r.c.RepositoryConfigurationDelegate - Bootstrapping Spring Data JPA repositories in DEFAULT mode.
2026-03-19 16:23:30 [main] INFO  o.s.d.r.c.RepositoryConfigurationDelegate - Finished Spring Data repository scanning in 199 ms. Found 10 JPA repository interfaces.
2026-03-19 16:23:31 [main] INFO  o.h.jpa.internal.util.LogHelper - HHH000204: Processing PersistenceUnitInfo [name: default]
2026-03-19 16:23:31 [main] INFO  org.hibernate.Version - HHH000412: Hibernate ORM core version 6.5.3.Final
2026-03-19 16:23:31 [main] INFO  o.h.c.i.RegionFactoryInitiator - HHH000026: Second-level cache disabled
2026-03-19 16:23:32 [main] INFO  o.s.o.j.p.SpringPersistenceUnitInfo - No LoadTimeWeaver setup: ignoring JPA class transformer
2026-03-19 16:23:32 [main] INFO  com.zaxxer.hikari.HikariDataSource - HikariPool-1 - Starting...
2026-03-19 16:23:33 [main] INFO  com.zaxxer.hikari.pool.HikariPool - HikariPool-1 - Added connection conn0: url=jdbc:h2:mem:testdb user=POSTGRES
2026-03-19 16:23:33 [main] INFO  com.zaxxer.hikari.HikariDataSource - HikariPool-1 - Start completed.
2026-03-19 16:23:33 [main] WARN  org.hibernate.dialect.Dialect - HHH000511: The 2.2.224 version for [org.hibernate.dialect.PostgreSQLDialect] is no longer supported, hence certain features may not work properly. The minimum supported version is 12.0.0. Check the community dialects project for available legacy versions.
2026-03-19 16:23:33 [main] WARN  org.hibernate.orm.deprecation - HHH90000025: PostgreSQLDialect does not need to be specified explicitly using 'hibernate.dialect' (remove the property setting and it will be selected by default)
2026-03-19 16:23:38 [main] INFO  o.h.e.t.j.p.i.JtaPlatformInitiator - HHH000489: No JTA platform available (set 'hibernate.transaction.jta.platform' to enable JTA platform integration)
2026-03-19 16:23:39 [main] INFO  o.s.o.j.LocalContainerEntityManagerFactoryBean - Initialized JPA EntityManagerFactory for persistence unit 'default'
2026-03-19 16:23:40 [main] INFO  o.s.s.c.a.a.c.InitializeAuthenticationProviderBeanManagerConfigurer$InitializeAuthenticationProviderManagerConfigurer - Global AuthenticationManager configured with AuthenticationProvider bean with name authenticationProvider
2026-03-19 16:23:40 [main] WARN  o.s.s.c.a.a.c.InitializeUserDetailsBeanManagerConfigurer$InitializeUserDetailsManagerConfigurer - Global AuthenticationManager configured with an AuthenticationProvider bean. UserDetailsService beans will not be used for username/password login. Consider removing the AuthenticationProvider bean. Alternatively, consider using the UserDetailsService in a manually instantiated DaoAuthenticationProvider.
2026-03-19 16:23:41 [main] INFO  o.s.d.j.r.query.QueryEnhancerFactory - Hibernate is in classpath; If applicable, HQL parser will be used.
2026-03-19 16:23:43 [main] WARN  o.s.b.a.o.j.JpaBaseConfiguration$JpaWebConfiguration - spring.jpa.open-in-view is enabled by default. Therefore, database queries may be performed during view rendering. Explicitly configure spring.jpa.open-in-view to disable this warning
2026-03-19 16:23:44 [main] INFO  ro.krumpi.demo.DemoApplicationTests - Started DemoApplicationTests in 16.621 seconds (process running for 31.269)
2026-03-19 16:23:46 [main] ERROR r.k.d.s.InvoiceNotificationScheduler - Eroarr INV-2026-001: SMTP Server Down
2026-03-19 16:23:47 [SpringApplicationShutdownHook] INFO  o.s.o.j.LocalContainerEntityManagerFactoryBean - Closing JPA EntityManagerFactory for persistence unit 'default'
2026-03-19 16:23:48 [SpringApplicationShutdownHook] INFO  com.zaxxer.hikari.HikariDataSource - HikariPool-1 - Shutdown initiated...
2026-03-19 16:23:48 [SpringApplicationShutdownHook] INFO  com.zaxxer.hikari.HikariDataSource - HikariPool-1 - Shutdown completed.
2026-03-19 16:25:42 [background-preinit] INFO  o.h.validator.internal.util.Version - HV000001: Hibernate Validator 8.0.1.Final
2026-03-19 16:25:43 [main] INFO  r.k.d.c.HistoryControllerTest - Starting HistoryControllerTest using Java 21.0.9 with PID 2488 (started by CĆTĆLINA$ in C:\Users\ungur\OneDrive\Documente\cata\proiecte personale\ntt\proiect\Java-Tech_Treck\backend)
2026-03-19 16:25:43 [main] DEBUG r.k.d.c.HistoryControllerTest - Running with Spring Boot v3.3.4, Spring v6.1.13
2026-03-19 16:25:43 [main] INFO  r.k.d.c.HistoryControllerTest - No active profile set, falling back to 1 default profile: "default"
2026-03-19 16:25:50 [main] WARN  o.s.b.a.s.s.UserDetailsServiceAutoConfiguration - 

Using generated security password: f0a8233c-db10-470a-87b8-c41f73e622ca

This generated password is for development use only. Your security configuration must be updated before running your application in production.

2026-03-19 16:25:50 [main] INFO  o.s.s.c.a.a.c.InitializeUserDetailsBeanManagerConfigurer$InitializeUserDetailsManagerConfigurer - Global AuthenticationManager configured with UserDetailsService bean with name inMemoryUserDetailsManager
2026-03-19 16:25:51 [main] INFO  o.s.b.t.m.w.SpringBootMockServletContext - Initializing Spring TestDispatcherServlet ''
2026-03-19 16:25:51 [main] INFO  o.s.t.w.s.TestDispatcherServlet - Initializing Servlet ''
2026-03-19 16:25:51 [main] INFO  o.s.t.w.s.TestDispatcherServlet - Completed initialization in 3 ms
2026-03-19 16:25:51 [main] INFO  r.k.d.c.HistoryControllerTest - Started HistoryControllerTest in 8.844 seconds (process running for 10.905)
2026-03-19 16:25:52 [main] INFO  o.s.t.c.s.AnnotationConfigContextLoaderUtils - Could not detect default configuration classes for test class [ro.krumpi.demo.controllerTests.OrderControllerTest]: OrderControllerTest does not declare any static, non-private, non-final, nested classes annotated with @Configuration.
2026-03-19 16:25:52 [main] INFO  o.s.b.t.c.SpringBootTestContextBootstrapper - Found @SpringBootConfiguration ro.krumpi.demo.DemoApplication for test class ro.krumpi.demo.controllerTests.OrderControllerTest
2026-03-19 16:25:52 [main] INFO  r.k.d.c.OrderControllerTest - Starting OrderControllerTest using Java 21.0.9 with PID 2488 (started by CĆTĆLINA$ in C:\Users\ungur\OneDrive\Documente\cata\proiecte personale\ntt\proiect\Java-Tech_Treck\backend)
2026-03-19 16:25:52 [main] DEBUG r.k.d.c.OrderControllerTest - Running with Spring Boot v3.3.4, Spring v6.1.13
2026-03-19 16:25:52 [main] INFO  r.k.d.c.OrderControllerTest - No active profile set, falling back to 1 default profile: "default"
2026-03-19 16:25:53 [main] WARN  o.s.b.a.s.s.UserDetailsServiceAutoConfiguration - 

Using generated security password: 53dcef83-7a98-4d27-877b-e7122defc867

This generated password is for development use only. Your security configuration must be updated before running your application in production.

2026-03-19 16:25:53 [main] INFO  o.s.s.c.a.a.c.InitializeUserDetailsBeanManagerConfigurer$InitializeUserDetailsManagerConfigurer - Global AuthenticationManager configured with UserDetailsService bean with name inMemoryUserDetailsManager
2026-03-19 16:25:53 [main] INFO  o.s.b.t.m.w.SpringBootMockServletContext - Initializing Spring TestDispatcherServlet ''
2026-03-19 16:25:53 [main] INFO  o.s.t.w.s.TestDispatcherServlet - Initializing Servlet ''
2026-03-19 16:25:53 [main] INFO  o.s.t.w.s.TestDispatcherServlet - Completed initialization in 0 ms
2026-03-19 16:25:53 [main] INFO  r.k.d.c.OrderControllerTest - Started OrderControllerTest in 1.064 seconds (process running for 12.712)
2026-03-19 16:25:53 [main] INFO  o.s.t.c.s.AnnotationConfigContextLoaderUtils - Could not detect default configuration classes for test class [ro.krumpi.demo.controllerTests.ProductControllerTest]: ProductControllerTest does not declare any static, non-private, non-final, nested classes annotated with @Configuration.
2026-03-19 16:25:53 [main] INFO  o.s.b.t.c.SpringBootTestContextBootstrapper - Found @SpringBootConfiguration ro.krumpi.demo.DemoApplication for test class ro.krumpi.demo.controllerTests.ProductControllerTest
2026-03-19 16:25:53 [main] INFO  r.k.d.c.ProductControllerTest - Starting ProductControllerTest using Java 21.0.9 with PID 2488 (started by CĆTĆLINA$ in C:\Users\ungur\OneDrive\Documente\cata\proiecte personale\ntt\proiect\Java-Tech_Treck\backend)
2026-03-19 16:25:53 [main] DEBUG r.k.d.c.ProductControllerTest - Running with Spring Boot v3.3.4, Spring v6.1.13
2026-03-19 16:25:53 [main] INFO  r.k.d.c.ProductControllerTest - No active profile set, falling back to 1 default profile: "default"
2026-03-19 16:25:53 [main] WARN  o.s.b.a.s.s.UserDetailsServiceAutoConfiguration - 

Using generated security password: 307224d1-76d2-45c7-bbfa-572726bb967a

This generated password is for development use only. Your security configuration must be updated before running your application in production.

2026-03-19 16:25:53 [main] INFO  o.s.s.c.a.a.c.InitializeUserDetailsBeanManagerConfigurer$InitializeUserDetailsManagerConfigurer - Global AuthenticationManager configured with UserDetailsService bean with name inMemoryUserDetailsManager
2026-03-19 16:25:53 [main] INFO  o.s.b.t.m.w.SpringBootMockServletContext - Initializing Spring TestDispatcherServlet ''
2026-03-19 16:25:53 [main] INFO  o.s.t.w.s.TestDispatcherServlet - Initializing Servlet ''
2026-03-19 16:25:53 [main] INFO  o.s.t.w.s.TestDispatcherServlet - Completed initialization in 0 ms
2026-03-19 16:25:54 [main] INFO  r.k.d.c.ProductControllerTest - Started ProductControllerTest in 0.666 seconds (process running for 13.551)
2026-03-19 16:25:54 [main] INFO  o.s.t.c.s.AnnotationConfigContextLoaderUtils - Could not detect default configuration classes for test class [ro.krumpi.demo.DemoApplicationTests]: DemoApplicationTests does not declare any static, non-private, non-final, nested classes annotated with @Configuration.
2026-03-19 16:25:54 [main] INFO  o.s.b.t.c.SpringBootTestContextBootstrapper - Found @SpringBootConfiguration ro.krumpi.demo.DemoApplication for test class ro.krumpi.demo.DemoApplicationTests
2026-03-19 16:25:54 [main] INFO  ro.krumpi.demo.DemoApplicationTests - Starting DemoApplicationTests using Java 21.0.9 with PID 2488 (started by CĆTĆLINA$ in C:\Users\ungur\OneDrive\Documente\cata\proiecte personale\ntt\proiect\Java-Tech_Treck\backend)
2026-03-19 16:25:54 [main] DEBUG ro.krumpi.demo.DemoApplicationTests - Running with Spring Boot v3.3.4, Spring v6.1.13
2026-03-19 16:25:54 [main] INFO  ro.krumpi.demo.DemoApplicationTests - The following 1 profile is active: "test"
2026-03-19 16:25:55 [main] INFO  o.s.d.r.c.RepositoryConfigurationDelegate - Bootstrapping Spring Data JPA repositories in DEFAULT mode.
2026-03-19 16:25:55 [main] INFO  o.s.d.r.c.RepositoryConfigurationDelegate - Finished Spring Data repository scanning in 234 ms. Found 10 JPA repository interfaces.
2026-03-19 16:25:56 [main] INFO  o.h.jpa.internal.util.LogHelper - HHH000204: Processing PersistenceUnitInfo [name: default]
2026-03-19 16:25:57 [main] INFO  org.hibernate.Version - HHH000412: Hibernate ORM core version 6.5.3.Final
2026-03-19 16:25:57 [main] INFO  o.h.c.i.RegionFactoryInitiator - HHH000026: Second-level cache disabled
2026-03-19 16:25:57 [main] INFO  o.s.o.j.p.SpringPersistenceUnitInfo - No LoadTimeWeaver setup: ignoring JPA class transformer
2026-03-19 16:25:58 [main] INFO  com.zaxxer.hikari.HikariDataSource - HikariPool-1 - Starting...
2026-03-19 16:25:59 [main] INFO  com.zaxxer.hikari.pool.HikariPool - HikariPool-1 - Added connection conn0: url=jdbc:h2:mem:testdb user=POSTGRES
2026-03-19 16:25:59 [main] INFO  com.zaxxer.hikari.HikariDataSource - HikariPool-1 - Start completed.
2026-03-19 16:25:59 [main] WARN  org.hibernate.dialect.Dialect - HHH000511: The 2.2.224 version for [org.hibernate.dialect.PostgreSQLDialect] is no longer supported, hence certain features may not work properly. The minimum supported version is 12.0.0. Check the community dialects project for available legacy versions.
2026-03-19 16:25:59 [main] WARN  org.hibernate.orm.deprecation - HHH90000025: PostgreSQLDialect does not need to be specified explicitly using 'hibernate.dialect' (remove the property setting and it will be selected by default)
2026-03-19 16:26:03 [main] INFO  o.h.e.t.j.p.i.JtaPlatformInitiator - HHH000489: No JTA platform available (set 'hibernate.transaction.jta.platform' to enable JTA platform integration)
2026-03-19 16:26:04 [main] INFO  o.s.o.j.LocalContainerEntityManagerFactoryBean - Initialized JPA EntityManagerFactory for persistence unit 'default'
2026-03-19 16:26:05 [main] INFO  o.s.s.c.a.a.c.InitializeAuthenticationProviderBeanManagerConfigurer$InitializeAuthenticationProviderManagerConfigurer - Global AuthenticationManager configured with AuthenticationProvider bean with name authenticationProvider
2026-03-19 16:26:05 [main] WARN  o.s.s.c.a.a.c.InitializeUserDetailsBeanManagerConfigurer$InitializeUserDetailsManagerConfigurer - Global AuthenticationManager configured with an AuthenticationProvider bean. UserDetailsService beans will not be used for username/password login. Consider removing the AuthenticationProvider bean. Alternatively, consider using the UserDetailsService in a manually instantiated DaoAuthenticationProvider.
2026-03-19 16:26:05 [main] INFO  o.s.d.j.r.query.QueryEnhancerFactory - Hibernate is in classpath; If applicable, HQL parser will be used.
2026-03-19 16:26:08 [main] WARN  o.s.b.a.o.j.JpaBaseConfiguration$JpaWebConfiguration - spring.jpa.open-in-view is enabled by default. Therefore, database queries may be performed during view rendering. Explicitly configure spring.jpa.open-in-view to disable this warning
2026-03-19 16:26:09 [main] INFO  ro.krumpi.demo.DemoApplicationTests - Started DemoApplicationTests in 15.282 seconds (process running for 28.939)
2026-03-19 16:26:10 [main] ERROR r.k.d.s.InvoiceNotificationScheduler - Eroarr INV-2026-001: SMTP Server Down
2026-03-19 16:26:11 [SpringApplicationShutdownHook] INFO  o.s.o.j.LocalContainerEntityManagerFactoryBean - Closing JPA EntityManagerFactory for persistence unit 'default'
2026-03-19 16:26:12 [SpringApplicationShutdownHook] INFO  com.zaxxer.hikari.HikariDataSource - HikariPool-1 - Shutdown initiated...
2026-03-19 16:26:12 [SpringApplicationShutdownHook] INFO  com.zaxxer.hikari.HikariDataSource - HikariPool-1 - Shutdown completed.
2026-03-19 16:32:07 [background-preinit] INFO  o.h.validator.internal.util.Version - HV000001: Hibernate Validator 8.0.1.Final
2026-03-19 16:32:07 [main] INFO  r.k.d.c.HistoryControllerTest - Starting HistoryControllerTest using Java 21.0.9 with PID 5700 (started by CĆTĆLINA$ in C:\Users\ungur\OneDrive\Documente\cata\proiecte personale\ntt\proiect\Java-Tech_Treck\backend)
2026-03-19 16:32:07 [main] DEBUG r.k.d.c.HistoryControllerTest - Running with Spring Boot v3.3.4, Spring v6.1.13
2026-03-19 16:32:07 [main] INFO  r.k.d.c.HistoryControllerTest - No active profile set, falling back to 1 default profile: "default"
2026-03-19 16:32:15 [main] WARN  o.s.b.a.s.s.UserDetailsServiceAutoConfiguration - 

Using generated security password: 0a8802d7-e094-4fbf-be80-64d669eebf03

This generated password is for development use only. Your security configuration must be updated before running your application in production.

2026-03-19 16:32:15 [main] INFO  o.s.s.c.a.a.c.InitializeUserDetailsBeanManagerConfigurer$InitializeUserDetailsManagerConfigurer - Global AuthenticationManager configured with UserDetailsService bean with name inMemoryUserDetailsManager
2026-03-19 16:32:16 [main] INFO  o.s.b.t.m.w.SpringBootMockServletContext - Initializing Spring TestDispatcherServlet ''
2026-03-19 16:32:16 [main] INFO  o.s.t.w.s.TestDispatcherServlet - Initializing Servlet ''
2026-03-19 16:32:16 [main] INFO  o.s.t.w.s.TestDispatcherServlet - Completed initialization in 3 ms
2026-03-19 16:32:16 [main] INFO  r.k.d.c.HistoryControllerTest - Started HistoryControllerTest in 9.087 seconds (process running for 11.309)
2026-03-19 16:32:17 [main] INFO  o.s.t.c.s.AnnotationConfigContextLoaderUtils - Could not detect default configuration classes for test class [ro.krumpi.demo.controllerTests.OrderControllerTest]: OrderControllerTest does not declare any static, non-private, non-final, nested classes annotated with @Configuration.
2026-03-19 16:32:17 [main] INFO  o.s.b.t.c.SpringBootTestContextBootstrapper - Found @SpringBootConfiguration ro.krumpi.demo.DemoApplication for test class ro.krumpi.demo.controllerTests.OrderControllerTest
2026-03-19 16:32:17 [main] INFO  r.k.d.c.OrderControllerTest - Starting OrderControllerTest using Java 21.0.9 with PID 5700 (started by CĆTĆLINA$ in C:\Users\ungur\OneDrive\Documente\cata\proiecte personale\ntt\proiect\Java-Tech_Treck\backend)
2026-03-19 16:32:17 [main] DEBUG r.k.d.c.OrderControllerTest - Running with Spring Boot v3.3.4, Spring v6.1.13
2026-03-19 16:32:17 [main] INFO  r.k.d.c.OrderControllerTest - No active profile set, falling back to 1 default profile: "default"
2026-03-19 16:32:18 [main] WARN  o.s.b.a.s.s.UserDetailsServiceAutoConfiguration - 

Using generated security password: 9d633e08-ae82-437d-b30a-9f720ca178a8

This generated password is for development use only. Your security configuration must be updated before running your application in production.

2026-03-19 16:32:18 [main] INFO  o.s.s.c.a.a.c.InitializeUserDetailsBeanManagerConfigurer$InitializeUserDetailsManagerConfigurer - Global AuthenticationManager configured with UserDetailsService bean with name inMemoryUserDetailsManager
2026-03-19 16:32:18 [main] INFO  o.s.b.t.m.w.SpringBootMockServletContext - Initializing Spring TestDispatcherServlet ''
2026-03-19 16:32:18 [main] INFO  o.s.t.w.s.TestDispatcherServlet - Initializing Servlet ''
2026-03-19 16:32:18 [main] INFO  o.s.t.w.s.TestDispatcherServlet - Completed initialization in 0 ms
2026-03-19 16:32:18 [main] INFO  r.k.d.c.OrderControllerTest - Started OrderControllerTest in 1.141 seconds (process running for 13.191)
2026-03-19 16:32:18 [main] INFO  o.s.t.c.s.AnnotationConfigContextLoaderUtils - Could not detect default configuration classes for test class [ro.krumpi.demo.controllerTests.ProductControllerTest]: ProductControllerTest does not declare any static, non-private, non-final, nested classes annotated with @Configuration.
2026-03-19 16:32:18 [main] INFO  o.s.b.t.c.SpringBootTestContextBootstrapper - Found @SpringBootConfiguration ro.krumpi.demo.DemoApplication for test class ro.krumpi.demo.controllerTests.ProductControllerTest
2026-03-19 16:32:18 [main] INFO  r.k.d.c.ProductControllerTest - Starting ProductControllerTest using Java 21.0.9 with PID 5700 (started by CĆTĆLINA$ in C:\Users\ungur\OneDrive\Documente\cata\proiecte personale\ntt\proiect\Java-Tech_Treck\backend)
2026-03-19 16:32:18 [main] DEBUG r.k.d.c.ProductControllerTest - Running with Spring Boot v3.3.4, Spring v6.1.13
2026-03-19 16:32:18 [main] INFO  r.k.d.c.ProductControllerTest - No active profile set, falling back to 1 default profile: "default"
2026-03-19 16:32:19 [main] WARN  o.s.b.a.s.s.UserDetailsServiceAutoConfiguration - 

Using generated security password: 6179a121-f013-4561-af5d-b505a963cfc0

This generated password is for development use only. Your security configuration must be updated before running your application in production.

2026-03-19 16:32:19 [main] INFO  o.s.s.c.a.a.c.InitializeUserDetailsBeanManagerConfigurer$InitializeUserDetailsManagerConfigurer - Global AuthenticationManager configured with UserDetailsService bean with name inMemoryUserDetailsManager
2026-03-19 16:32:19 [main] INFO  o.s.b.t.m.w.SpringBootMockServletContext - Initializing Spring TestDispatcherServlet ''
2026-03-19 16:32:19 [main] INFO  o.s.t.w.s.TestDispatcherServlet - Initializing Servlet ''
2026-03-19 16:32:19 [main] INFO  o.s.t.w.s.TestDispatcherServlet - Completed initialization in 0 ms
2026-03-19 16:32:19 [main] INFO  r.k.d.c.ProductControllerTest - Started ProductControllerTest in 0.586 seconds (process running for 13.952)
2026-03-19 16:32:19 [main] INFO  o.s.t.c.s.AnnotationConfigContextLoaderUtils - Could not detect default configuration classes for test class [ro.krumpi.demo.DemoApplicationTests]: DemoApplicationTests does not declare any static, non-private, non-final, nested classes annotated with @Configuration.
2026-03-19 16:32:19 [main] INFO  o.s.b.t.c.SpringBootTestContextBootstrapper - Found @SpringBootConfiguration ro.krumpi.demo.DemoApplication for test class ro.krumpi.demo.DemoApplicationTests
2026-03-19 16:32:19 [main] INFO  ro.krumpi.demo.DemoApplicationTests - Starting DemoApplicationTests using Java 21.0.9 with PID 5700 (started by CĆTĆLINA$ in C:\Users\ungur\OneDrive\Documente\cata\proiecte personale\ntt\proiect\Java-Tech_Treck\backend)
2026-03-19 16:32:19 [main] DEBUG ro.krumpi.demo.DemoApplicationTests - Running with Spring Boot v3.3.4, Spring v6.1.13
2026-03-19 16:32:19 [main] INFO  ro.krumpi.demo.DemoApplicationTests - The following 1 profile is active: "test"
2026-03-19 16:32:20 [main] INFO  o.s.d.r.c.RepositoryConfigurationDelegate - Bootstrapping Spring Data JPA repositories in DEFAULT mode.
2026-03-19 16:32:20 [main] INFO  o.s.d.r.c.RepositoryConfigurationDelegate - Finished Spring Data repository scanning in 179 ms. Found 10 JPA repository interfaces.
2026-03-19 16:32:21 [main] INFO  o.h.jpa.internal.util.LogHelper - HHH000204: Processing PersistenceUnitInfo [name: default]
2026-03-19 16:32:21 [main] INFO  org.hibernate.Version - HHH000412: Hibernate ORM core version 6.5.3.Final
2026-03-19 16:32:22 [main] INFO  o.h.c.i.RegionFactoryInitiator - HHH000026: Second-level cache disabled
2026-03-19 16:32:22 [main] INFO  o.s.o.j.p.SpringPersistenceUnitInfo - No LoadTimeWeaver setup: ignoring JPA class transformer
2026-03-19 16:32:22 [main] INFO  com.zaxxer.hikari.HikariDataSource - HikariPool-1 - Starting...
2026-03-19 16:32:23 [main] INFO  com.zaxxer.hikari.pool.HikariPool - HikariPool-1 - Added connection conn0: url=jdbc:h2:mem:testdb user=POSTGRES
2026-03-19 16:32:23 [main] INFO  com.zaxxer.hikari.HikariDataSource - HikariPool-1 - Start completed.
2026-03-19 16:32:24 [main] WARN  org.hibernate.dialect.Dialect - HHH000511: The 2.2.224 version for [org.hibernate.dialect.PostgreSQLDialect] is no longer supported, hence certain features may not work properly. The minimum supported version is 12.0.0. Check the community dialects project for available legacy versions.
2026-03-19 16:32:24 [main] WARN  org.hibernate.orm.deprecation - HHH90000025: PostgreSQLDialect does not need to be specified explicitly using 'hibernate.dialect' (remove the property setting and it will be selected by default)
2026-03-19 16:32:28 [main] INFO  o.h.e.t.j.p.i.JtaPlatformInitiator - HHH000489: No JTA platform available (set 'hibernate.transaction.jta.platform' to enable JTA platform integration)
2026-03-19 16:32:28 [main] INFO  o.s.o.j.LocalContainerEntityManagerFactoryBean - Initialized JPA EntityManagerFactory for persistence unit 'default'
2026-03-19 16:32:29 [main] INFO  o.s.s.c.a.a.c.InitializeAuthenticationProviderBeanManagerConfigurer$InitializeAuthenticationProviderManagerConfigurer - Global AuthenticationManager configured with AuthenticationProvider bean with name authenticationProvider
2026-03-19 16:32:29 [main] WARN  o.s.s.c.a.a.c.InitializeUserDetailsBeanManagerConfigurer$InitializeUserDetailsManagerConfigurer - Global AuthenticationManager configured with an AuthenticationProvider bean. UserDetailsService beans will not be used for username/password login. Consider removing the AuthenticationProvider bean. Alternatively, consider using the UserDetailsService in a manually instantiated DaoAuthenticationProvider.
2026-03-19 16:32:30 [main] INFO  o.s.d.j.r.query.QueryEnhancerFactory - Hibernate is in classpath; If applicable, HQL parser will be used.
2026-03-19 16:32:32 [main] WARN  o.s.b.a.o.j.JpaBaseConfiguration$JpaWebConfiguration - spring.jpa.open-in-view is enabled by default. Therefore, database queries may be performed during view rendering. Explicitly configure spring.jpa.open-in-view to disable this warning
2026-03-19 16:32:33 [main] INFO  ro.krumpi.demo.DemoApplicationTests - Started DemoApplicationTests in 14.368 seconds (process running for 28.4)
2026-03-19 16:32:35 [main] ERROR r.k.d.s.InvoiceNotificationScheduler - Eroarr INV-2026-001: SMTP Server Down
2026-03-19 16:32:35 [SpringApplicationShutdownHook] INFO  o.s.o.j.LocalContainerEntityManagerFactoryBean - Closing JPA EntityManagerFactory for persistence unit 'default'
2026-03-19 16:32:36 [SpringApplicationShutdownHook] INFO  com.zaxxer.hikari.HikariDataSource - HikariPool-1 - Shutdown initiated...
2026-03-19 16:32:36 [SpringApplicationShutdownHook] INFO  com.zaxxer.hikari.HikariDataSource - HikariPool-1 - Shutdown completed.
