2026-03-24 10:00:27 [background-preinit] INFO  o.h.validator.internal.util.Version - HV000001: Hibernate Validator 8.0.1.Final
2026-03-24 10:00:27 [main] INFO  r.k.d.c.HistoryControllerTest - Starting HistoryControllerTest using Java 21.0.9 with PID 7496 (started by CĆTĆLINA$ in C:\Users\ungur\OneDrive\Documente\cata\proiecte personale\ntt\proiect\Java-Tech_Treck\backend)
2026-03-24 10:00:27 [main] DEBUG r.k.d.c.HistoryControllerTest - Running with Spring Boot v3.3.4, Spring v6.1.13
2026-03-24 10:00:27 [main] INFO  r.k.d.c.HistoryControllerTest - No active profile set, falling back to 1 default profile: "default"
2026-03-24 10:00:36 [main] WARN  o.s.b.a.s.s.UserDetailsServiceAutoConfiguration - 

Using generated security password: dd523f77-77aa-4b3e-9ffd-ac36ca6a3a0c

This generated password is for development use only. Your security configuration must be updated before running your application in production.

2026-03-24 10:00:36 [main] INFO  o.s.s.c.a.a.c.InitializeUserDetailsBeanManagerConfigurer$InitializeUserDetailsManagerConfigurer - Global AuthenticationManager configured with UserDetailsService bean with name inMemoryUserDetailsManager
2026-03-24 10:00:37 [main] INFO  o.s.b.t.m.w.SpringBootMockServletContext - Initializing Spring TestDispatcherServlet ''
2026-03-24 10:00:37 [main] INFO  o.s.t.w.s.TestDispatcherServlet - Initializing Servlet ''
2026-03-24 10:00:37 [main] INFO  o.s.t.w.s.TestDispatcherServlet - Completed initialization in 4 ms
2026-03-24 10:00:37 [main] INFO  r.k.d.c.HistoryControllerTest - Started HistoryControllerTest in 10.343 seconds (process running for 12.601)
2026-03-24 10:00:38 [main] INFO  o.s.t.c.s.AnnotationConfigContextLoaderUtils - Could not detect default configuration classes for test class [ro.krumpi.demo.controllerTests.OrderControllerTest]: OrderControllerTest does not declare any static, non-private, non-final, nested classes annotated with @Configuration.
2026-03-24 10:00:38 [main] INFO  o.s.b.t.c.SpringBootTestContextBootstrapper - Found @SpringBootConfiguration ro.krumpi.demo.DemoApplication for test class ro.krumpi.demo.controllerTests.OrderControllerTest
2026-03-24 10:00:38 [main] INFO  r.k.d.c.OrderControllerTest - Starting OrderControllerTest using Java 21.0.9 with PID 7496 (started by CĆTĆLINA$ in C:\Users\ungur\OneDrive\Documente\cata\proiecte personale\ntt\proiect\Java-Tech_Treck\backend)
2026-03-24 10:00:38 [main] DEBUG r.k.d.c.OrderControllerTest - Running with Spring Boot v3.3.4, Spring v6.1.13
2026-03-24 10:00:38 [main] INFO  r.k.d.c.OrderControllerTest - No active profile set, falling back to 1 default profile: "default"
2026-03-24 10:00:39 [main] WARN  o.s.b.a.s.s.UserDetailsServiceAutoConfiguration - 

Using generated security password: c2fcad18-bfb9-49d3-b8f7-a9111cfec39e

This generated password is for development use only. Your security configuration must be updated before running your application in production.

2026-03-24 10:00:39 [main] INFO  o.s.s.c.a.a.c.InitializeUserDetailsBeanManagerConfigurer$InitializeUserDetailsManagerConfigurer - Global AuthenticationManager configured with UserDetailsService bean with name inMemoryUserDetailsManager
2026-03-24 10:00:39 [main] INFO  o.s.b.t.m.w.SpringBootMockServletContext - Initializing Spring TestDispatcherServlet ''
2026-03-24 10:00:39 [main] INFO  o.s.t.w.s.TestDispatcherServlet - Initializing Servlet ''
2026-03-24 10:00:39 [main] INFO  o.s.t.w.s.TestDispatcherServlet - Completed initialization in 0 ms
2026-03-24 10:00:39 [main] INFO  r.k.d.c.OrderControllerTest - Started OrderControllerTest in 1.126 seconds (process running for 14.465)
2026-03-24 10:00:39 [main] INFO  o.s.t.c.s.AnnotationConfigContextLoaderUtils - Could not detect default configuration classes for test class [ro.krumpi.demo.controllerTests.ProductControllerTest]: ProductControllerTest does not declare any static, non-private, non-final, nested classes annotated with @Configuration.
2026-03-24 10:00:39 [main] INFO  o.s.b.t.c.SpringBootTestContextBootstrapper - Found @SpringBootConfiguration ro.krumpi.demo.DemoApplication for test class ro.krumpi.demo.controllerTests.ProductControllerTest
2026-03-24 10:00:39 [main] INFO  r.k.d.c.ProductControllerTest - Starting ProductControllerTest using Java 21.0.9 with PID 7496 (started by CĆTĆLINA$ in C:\Users\ungur\OneDrive\Documente\cata\proiecte personale\ntt\proiect\Java-Tech_Treck\backend)
2026-03-24 10:00:39 [main] DEBUG r.k.d.c.ProductControllerTest - Running with Spring Boot v3.3.4, Spring v6.1.13
2026-03-24 10:00:39 [main] INFO  r.k.d.c.ProductControllerTest - No active profile set, falling back to 1 default profile: "default"
2026-03-24 10:00:40 [main] WARN  o.s.b.a.s.s.UserDetailsServiceAutoConfiguration - 

Using generated security password: 9faf1ad5-7cfe-4ac6-a0b0-6fbdfa9440c2

This generated password is for development use only. Your security configuration must be updated before running your application in production.

2026-03-24 10:00:40 [main] INFO  o.s.s.c.a.a.c.InitializeUserDetailsBeanManagerConfigurer$InitializeUserDetailsManagerConfigurer - Global AuthenticationManager configured with UserDetailsService bean with name inMemoryUserDetailsManager
2026-03-24 10:00:40 [main] INFO  o.s.b.t.m.w.SpringBootMockServletContext - Initializing Spring TestDispatcherServlet ''
2026-03-24 10:00:40 [main] INFO  o.s.t.w.s.TestDispatcherServlet - Initializing Servlet ''
2026-03-24 10:00:40 [main] INFO  o.s.t.w.s.TestDispatcherServlet - Completed initialization in 0 ms
2026-03-24 10:00:40 [main] INFO  r.k.d.c.ProductControllerTest - Started ProductControllerTest in 0.65 seconds (process running for 15.289)
2026-03-24 10:00:40 [main] INFO  o.s.t.c.s.AnnotationConfigContextLoaderUtils - Could not detect default configuration classes for test class [ro.krumpi.demo.DemoApplicationTests]: DemoApplicationTests does not declare any static, non-private, non-final, nested classes annotated with @Configuration.
2026-03-24 10:00:40 [main] INFO  o.s.b.t.c.SpringBootTestContextBootstrapper - Found @SpringBootConfiguration ro.krumpi.demo.DemoApplication for test class ro.krumpi.demo.DemoApplicationTests
2026-03-24 10:00:40 [main] INFO  ro.krumpi.demo.DemoApplicationTests - Starting DemoApplicationTests using Java 21.0.9 with PID 7496 (started by CĆTĆLINA$ in C:\Users\ungur\OneDrive\Documente\cata\proiecte personale\ntt\proiect\Java-Tech_Treck\backend)
2026-03-24 10:00:40 [main] DEBUG ro.krumpi.demo.DemoApplicationTests - Running with Spring Boot v3.3.4, Spring v6.1.13
2026-03-24 10:00:40 [main] INFO  ro.krumpi.demo.DemoApplicationTests - The following 1 profile is active: "test"
2026-03-24 10:00:41 [main] INFO  o.s.d.r.c.RepositoryConfigurationDelegate - Bootstrapping Spring Data JPA repositories in DEFAULT mode.
2026-03-24 10:00:42 [main] INFO  o.s.d.r.c.RepositoryConfigurationDelegate - Finished Spring Data repository scanning in 230 ms. Found 10 JPA repository interfaces.
2026-03-24 10:00:43 [main] INFO  o.h.jpa.internal.util.LogHelper - HHH000204: Processing PersistenceUnitInfo [name: default]
2026-03-24 10:00:43 [main] INFO  org.hibernate.Version - HHH000412: Hibernate ORM core version 6.5.3.Final
2026-03-24 10:00:43 [main] INFO  o.h.c.i.RegionFactoryInitiator - HHH000026: Second-level cache disabled
2026-03-24 10:00:44 [main] INFO  o.s.o.j.p.SpringPersistenceUnitInfo - No LoadTimeWeaver setup: ignoring JPA class transformer
2026-03-24 10:00:44 [main] INFO  com.zaxxer.hikari.HikariDataSource - HikariPool-1 - Starting...
2026-03-24 10:00:45 [main] INFO  com.zaxxer.hikari.pool.HikariPool - HikariPool-1 - Added connection conn0: url=jdbc:h2:mem:testdb user=POSTGRES
2026-03-24 10:00:45 [main] INFO  com.zaxxer.hikari.HikariDataSource - HikariPool-1 - Start completed.
2026-03-24 10:00:45 [main] WARN  org.hibernate.dialect.Dialect - HHH000511: The 2.2.224 version for [org.hibernate.dialect.PostgreSQLDialect] is no longer supported, hence certain features may not work properly. The minimum supported version is 12.0.0. Check the community dialects project for available legacy versions.
2026-03-24 10:00:45 [main] WARN  org.hibernate.orm.deprecation - HHH90000025: PostgreSQLDialect does not need to be specified explicitly using 'hibernate.dialect' (remove the property setting and it will be selected by default)
2026-03-24 10:00:50 [main] INFO  o.h.e.t.j.p.i.JtaPlatformInitiator - HHH000489: No JTA platform available (set 'hibernate.transaction.jta.platform' to enable JTA platform integration)
2026-03-24 10:00:51 [main] INFO  o.s.o.j.LocalContainerEntityManagerFactoryBean - Initialized JPA EntityManagerFactory for persistence unit 'default'
2026-03-24 10:00:52 [main] INFO  o.s.s.c.a.a.c.InitializeAuthenticationProviderBeanManagerConfigurer$InitializeAuthenticationProviderManagerConfigurer - Global AuthenticationManager configured with AuthenticationProvider bean with name authenticationProvider
2026-03-24 10:00:52 [main] WARN  o.s.s.c.a.a.c.InitializeUserDetailsBeanManagerConfigurer$InitializeUserDetailsManagerConfigurer - Global AuthenticationManager configured with an AuthenticationProvider bean. UserDetailsService beans will not be used for username/password login. Consider removing the AuthenticationProvider bean. Alternatively, consider using the UserDetailsService in a manually instantiated DaoAuthenticationProvider.
2026-03-24 10:00:53 [main] INFO  o.s.d.j.r.query.QueryEnhancerFactory - Hibernate is in classpath; If applicable, HQL parser will be used.
2026-03-24 10:00:55 [main] WARN  o.s.b.a.o.j.JpaBaseConfiguration$JpaWebConfiguration - spring.jpa.open-in-view is enabled by default. Therefore, database queries may be performed during view rendering. Explicitly configure spring.jpa.open-in-view to disable this warning
2026-03-24 10:00:56 [main] INFO  ro.krumpi.demo.DemoApplicationTests - Started DemoApplicationTests in 16.23 seconds (process running for 31.628)
2026-03-24 10:00:58 [main] ERROR r.k.d.s.InvoiceNotificationScheduler - Eroarr INV-2026-001: SMTP Server Down
2026-03-24 10:00:58 [SpringApplicationShutdownHook] INFO  o.s.o.j.LocalContainerEntityManagerFactoryBean - Closing JPA EntityManagerFactory for persistence unit 'default'
2026-03-24 10:00:59 [SpringApplicationShutdownHook] INFO  com.zaxxer.hikari.HikariDataSource - HikariPool-1 - Shutdown initiated...
2026-03-24 10:00:59 [SpringApplicationShutdownHook] INFO  com.zaxxer.hikari.HikariDataSource - HikariPool-1 - Shutdown completed.
2026-03-24 10:01:27 [background-preinit] INFO  o.h.validator.internal.util.Version - HV000001: Hibernate Validator 8.0.1.Final
2026-03-24 10:01:27 [main] INFO  r.k.d.c.HistoryControllerTest - Starting HistoryControllerTest using Java 21.0.9 with PID 10312 (started by CĆTĆLINA$ in C:\Users\ungur\OneDrive\Documente\cata\proiecte personale\ntt\proiect\Java-Tech_Treck\backend)
2026-03-24 10:01:27 [main] DEBUG r.k.d.c.HistoryControllerTest - Running with Spring Boot v3.3.4, Spring v6.1.13
2026-03-24 10:01:27 [main] INFO  r.k.d.c.HistoryControllerTest - No active profile set, falling back to 1 default profile: "default"
2026-03-24 10:01:35 [main] WARN  o.s.b.a.s.s.UserDetailsServiceAutoConfiguration - 

Using generated security password: bdbb924c-cde6-48d7-b77e-48ee374956f7

This generated password is for development use only. Your security configuration must be updated before running your application in production.

2026-03-24 10:01:35 [main] INFO  o.s.s.c.a.a.c.InitializeUserDetailsBeanManagerConfigurer$InitializeUserDetailsManagerConfigurer - Global AuthenticationManager configured with UserDetailsService bean with name inMemoryUserDetailsManager
2026-03-24 10:01:35 [main] INFO  o.s.b.t.m.w.SpringBootMockServletContext - Initializing Spring TestDispatcherServlet ''
2026-03-24 10:01:35 [main] INFO  o.s.t.w.s.TestDispatcherServlet - Initializing Servlet ''
2026-03-24 10:01:35 [main] INFO  o.s.t.w.s.TestDispatcherServlet - Completed initialization in 2 ms
2026-03-24 10:01:36 [main] INFO  r.k.d.c.HistoryControllerTest - Started HistoryControllerTest in 9.27 seconds (process running for 11.403)
2026-03-24 10:01:36 [main] INFO  o.s.t.c.s.AnnotationConfigContextLoaderUtils - Could not detect default configuration classes for test class [ro.krumpi.demo.controllerTests.OrderControllerTest]: OrderControllerTest does not declare any static, non-private, non-final, nested classes annotated with @Configuration.
2026-03-24 10:01:36 [main] INFO  o.s.b.t.c.SpringBootTestContextBootstrapper - Found @SpringBootConfiguration ro.krumpi.demo.DemoApplication for test class ro.krumpi.demo.controllerTests.OrderControllerTest
2026-03-24 10:01:36 [main] INFO  r.k.d.c.OrderControllerTest - Starting OrderControllerTest using Java 21.0.9 with PID 10312 (started by CĆTĆLINA$ in C:\Users\ungur\OneDrive\Documente\cata\proiecte personale\ntt\proiect\Java-Tech_Treck\backend)
2026-03-24 10:01:36 [main] DEBUG r.k.d.c.OrderControllerTest - Running with Spring Boot v3.3.4, Spring v6.1.13
2026-03-24 10:01:36 [main] INFO  r.k.d.c.OrderControllerTest - No active profile set, falling back to 1 default profile: "default"
2026-03-24 10:01:37 [main] WARN  o.s.b.a.s.s.UserDetailsServiceAutoConfiguration - 

Using generated security password: c8419382-0325-4589-b7ec-803c24c0e027

This generated password is for development use only. Your security configuration must be updated before running your application in production.

2026-03-24 10:01:37 [main] INFO  o.s.s.c.a.a.c.InitializeUserDetailsBeanManagerConfigurer$InitializeUserDetailsManagerConfigurer - Global AuthenticationManager configured with UserDetailsService bean with name inMemoryUserDetailsManager
2026-03-24 10:01:37 [main] INFO  o.s.b.t.m.w.SpringBootMockServletContext - Initializing Spring TestDispatcherServlet ''
2026-03-24 10:01:37 [main] INFO  o.s.t.w.s.TestDispatcherServlet - Initializing Servlet ''
2026-03-24 10:01:37 [main] INFO  o.s.t.w.s.TestDispatcherServlet - Completed initialization in 0 ms
2026-03-24 10:01:37 [main] INFO  r.k.d.c.OrderControllerTest - Started OrderControllerTest in 1.053 seconds (process running for 13.265)
2026-03-24 10:01:38 [main] INFO  o.s.t.c.s.AnnotationConfigContextLoaderUtils - Could not detect default configuration classes for test class [ro.krumpi.demo.controllerTests.ProductControllerTest]: ProductControllerTest does not declare any static, non-private, non-final, nested classes annotated with @Configuration.
2026-03-24 10:01:38 [main] INFO  o.s.b.t.c.SpringBootTestContextBootstrapper - Found @SpringBootConfiguration ro.krumpi.demo.DemoApplication for test class ro.krumpi.demo.controllerTests.ProductControllerTest
2026-03-24 10:01:38 [main] INFO  r.k.d.c.ProductControllerTest - Starting ProductControllerTest using Java 21.0.9 with PID 10312 (started by CĆTĆLINA$ in C:\Users\ungur\OneDrive\Documente\cata\proiecte personale\ntt\proiect\Java-Tech_Treck\backend)
2026-03-24 10:01:38 [main] DEBUG r.k.d.c.ProductControllerTest - Running with Spring Boot v3.3.4, Spring v6.1.13
2026-03-24 10:01:38 [main] INFO  r.k.d.c.ProductControllerTest - No active profile set, falling back to 1 default profile: "default"
2026-03-24 10:01:38 [main] WARN  o.s.b.a.s.s.UserDetailsServiceAutoConfiguration - 

Using generated security password: 22eac075-0d4d-4d54-b9de-ceca20d7a132

This generated password is for development use only. Your security configuration must be updated before running your application in production.

2026-03-24 10:01:38 [main] INFO  o.s.s.c.a.a.c.InitializeUserDetailsBeanManagerConfigurer$InitializeUserDetailsManagerConfigurer - Global AuthenticationManager configured with UserDetailsService bean with name inMemoryUserDetailsManager
2026-03-24 10:01:38 [main] INFO  o.s.b.t.m.w.SpringBootMockServletContext - Initializing Spring TestDispatcherServlet ''
2026-03-24 10:01:38 [main] INFO  o.s.t.w.s.TestDispatcherServlet - Initializing Servlet ''
2026-03-24 10:01:38 [main] INFO  o.s.t.w.s.TestDispatcherServlet - Completed initialization in 0 ms
2026-03-24 10:01:38 [main] INFO  r.k.d.c.ProductControllerTest - Started ProductControllerTest in 0.735 seconds (process running for 14.175)
2026-03-24 10:01:38 [main] INFO  o.s.t.c.s.AnnotationConfigContextLoaderUtils - Could not detect default configuration classes for test class [ro.krumpi.demo.DemoApplicationTests]: DemoApplicationTests does not declare any static, non-private, non-final, nested classes annotated with @Configuration.
2026-03-24 10:01:38 [main] INFO  o.s.b.t.c.SpringBootTestContextBootstrapper - Found @SpringBootConfiguration ro.krumpi.demo.DemoApplication for test class ro.krumpi.demo.DemoApplicationTests
2026-03-24 10:01:38 [main] INFO  ro.krumpi.demo.DemoApplicationTests - Starting DemoApplicationTests using Java 21.0.9 with PID 10312 (started by CĆTĆLINA$ in C:\Users\ungur\OneDrive\Documente\cata\proiecte personale\ntt\proiect\Java-Tech_Treck\backend)
2026-03-24 10:01:38 [main] DEBUG ro.krumpi.demo.DemoApplicationTests - Running with Spring Boot v3.3.4, Spring v6.1.13
2026-03-24 10:01:38 [main] INFO  ro.krumpi.demo.DemoApplicationTests - The following 1 profile is active: "test"
2026-03-24 10:01:40 [main] INFO  o.s.d.r.c.RepositoryConfigurationDelegate - Bootstrapping Spring Data JPA repositories in DEFAULT mode.
2026-03-24 10:01:40 [main] INFO  o.s.d.r.c.RepositoryConfigurationDelegate - Finished Spring Data repository scanning in 195 ms. Found 10 JPA repository interfaces.
2026-03-24 10:01:41 [main] INFO  o.h.jpa.internal.util.LogHelper - HHH000204: Processing PersistenceUnitInfo [name: default]
2026-03-24 10:01:42 [main] INFO  org.hibernate.Version - HHH000412: Hibernate ORM core version 6.5.3.Final
2026-03-24 10:01:42 [main] INFO  o.h.c.i.RegionFactoryInitiator - HHH000026: Second-level cache disabled
2026-03-24 10:01:42 [main] INFO  o.s.o.j.p.SpringPersistenceUnitInfo - No LoadTimeWeaver setup: ignoring JPA class transformer
2026-03-24 10:01:42 [main] INFO  com.zaxxer.hikari.HikariDataSource - HikariPool-1 - Starting...
2026-03-24 10:01:44 [main] INFO  com.zaxxer.hikari.pool.HikariPool - HikariPool-1 - Added connection conn0: url=jdbc:h2:mem:testdb user=POSTGRES
2026-03-24 10:01:44 [main] INFO  com.zaxxer.hikari.HikariDataSource - HikariPool-1 - Start completed.
2026-03-24 10:01:44 [main] WARN  org.hibernate.dialect.Dialect - HHH000511: The 2.2.224 version for [org.hibernate.dialect.PostgreSQLDialect] is no longer supported, hence certain features may not work properly. The minimum supported version is 12.0.0. Check the community dialects project for available legacy versions.
2026-03-24 10:01:44 [main] WARN  org.hibernate.orm.deprecation - HHH90000025: PostgreSQLDialect does not need to be specified explicitly using 'hibernate.dialect' (remove the property setting and it will be selected by default)
2026-03-24 10:01:49 [main] INFO  o.h.e.t.j.p.i.JtaPlatformInitiator - HHH000489: No JTA platform available (set 'hibernate.transaction.jta.platform' to enable JTA platform integration)
2026-03-24 10:01:49 [main] INFO  o.s.o.j.LocalContainerEntityManagerFactoryBean - Initialized JPA EntityManagerFactory for persistence unit 'default'
2026-03-24 10:01:50 [main] INFO  o.s.s.c.a.a.c.InitializeAuthenticationProviderBeanManagerConfigurer$InitializeAuthenticationProviderManagerConfigurer - Global AuthenticationManager configured with AuthenticationProvider bean with name authenticationProvider
2026-03-24 10:01:50 [main] WARN  o.s.s.c.a.a.c.InitializeUserDetailsBeanManagerConfigurer$InitializeUserDetailsManagerConfigurer - Global AuthenticationManager configured with an AuthenticationProvider bean. UserDetailsService beans will not be used for username/password login. Consider removing the AuthenticationProvider bean. Alternatively, consider using the UserDetailsService in a manually instantiated DaoAuthenticationProvider.
2026-03-24 10:01:51 [main] INFO  o.s.d.j.r.query.QueryEnhancerFactory - Hibernate is in classpath; If applicable, HQL parser will be used.
2026-03-24 10:01:53 [main] WARN  o.s.b.a.o.j.JpaBaseConfiguration$JpaWebConfiguration - spring.jpa.open-in-view is enabled by default. Therefore, database queries may be performed during view rendering. Explicitly configure spring.jpa.open-in-view to disable this warning
2026-03-24 10:01:54 [main] INFO  ro.krumpi.demo.DemoApplicationTests - Started DemoApplicationTests in 15.913 seconds (process running for 30.222)
2026-03-24 10:01:56 [main] ERROR r.k.d.s.InvoiceNotificationScheduler - Eroarr INV-2026-001: SMTP Server Down
2026-03-24 10:01:57 [SpringApplicationShutdownHook] INFO  o.s.o.j.LocalContainerEntityManagerFactoryBean - Closing JPA EntityManagerFactory for persistence unit 'default'
2026-03-24 10:01:58 [SpringApplicationShutdownHook] INFO  com.zaxxer.hikari.HikariDataSource - HikariPool-1 - Shutdown initiated...
2026-03-24 10:01:58 [SpringApplicationShutdownHook] INFO  com.zaxxer.hikari.HikariDataSource - HikariPool-1 - Shutdown completed.
2026-03-24 10:16:29 [background-preinit] INFO  o.h.validator.internal.util.Version - HV000001: Hibernate Validator 8.0.1.Final
2026-03-24 10:16:29 [main] INFO  r.k.d.c.HistoryControllerTest - Starting HistoryControllerTest using Java 21.0.9 with PID 43016 (started by CĆTĆLINA$ in C:\Users\ungur\OneDrive\Documente\cata\proiecte personale\ntt\proiect\Java-Tech_Treck\backend)
2026-03-24 10:16:29 [main] DEBUG r.k.d.c.HistoryControllerTest - Running with Spring Boot v3.3.4, Spring v6.1.13
2026-03-24 10:16:29 [main] INFO  r.k.d.c.HistoryControllerTest - No active profile set, falling back to 1 default profile: "default"
2026-03-24 10:16:38 [main] WARN  o.s.b.a.s.s.UserDetailsServiceAutoConfiguration - 

Using generated security password: 2c4e49d9-cf3c-486f-968b-5fa292a56308

This generated password is for development use only. Your security configuration must be updated before running your application in production.

2026-03-24 10:16:38 [main] INFO  o.s.s.c.a.a.c.InitializeUserDetailsBeanManagerConfigurer$InitializeUserDetailsManagerConfigurer - Global AuthenticationManager configured with UserDetailsService bean with name inMemoryUserDetailsManager
2026-03-24 10:16:38 [main] INFO  o.s.b.t.m.w.SpringBootMockServletContext - Initializing Spring TestDispatcherServlet ''
2026-03-24 10:16:38 [main] INFO  o.s.t.w.s.TestDispatcherServlet - Initializing Servlet ''
2026-03-24 10:16:38 [main] INFO  o.s.t.w.s.TestDispatcherServlet - Completed initialization in 3 ms
2026-03-24 10:16:39 [main] INFO  r.k.d.c.HistoryControllerTest - Started HistoryControllerTest in 10.272 seconds (process running for 12.691)
2026-03-24 10:16:39 [main] INFO  o.s.t.c.s.AnnotationConfigContextLoaderUtils - Could not detect default configuration classes for test class [ro.krumpi.demo.controllerTests.OrderControllerTest]: OrderControllerTest does not declare any static, non-private, non-final, nested classes annotated with @Configuration.
2026-03-24 10:16:39 [main] INFO  o.s.b.t.c.SpringBootTestContextBootstrapper - Found @SpringBootConfiguration ro.krumpi.demo.DemoApplication for test class ro.krumpi.demo.controllerTests.OrderControllerTest
2026-03-24 10:16:39 [main] INFO  r.k.d.c.OrderControllerTest - Starting OrderControllerTest using Java 21.0.9 with PID 43016 (started by CĆTĆLINA$ in C:\Users\ungur\OneDrive\Documente\cata\proiecte personale\ntt\proiect\Java-Tech_Treck\backend)
2026-03-24 10:16:39 [main] DEBUG r.k.d.c.OrderControllerTest - Running with Spring Boot v3.3.4, Spring v6.1.13
2026-03-24 10:16:39 [main] INFO  r.k.d.c.OrderControllerTest - No active profile set, falling back to 1 default profile: "default"
2026-03-24 10:16:41 [main] WARN  o.s.b.a.s.s.UserDetailsServiceAutoConfiguration - 

Using generated security password: 1b8a24f0-7e07-467c-87ca-8611b6dd4832

This generated password is for development use only. Your security configuration must be updated before running your application in production.

2026-03-24 10:16:41 [main] INFO  o.s.s.c.a.a.c.InitializeUserDetailsBeanManagerConfigurer$InitializeUserDetailsManagerConfigurer - Global AuthenticationManager configured with UserDetailsService bean with name inMemoryUserDetailsManager
2026-03-24 10:16:41 [main] INFO  o.s.b.t.m.w.SpringBootMockServletContext - Initializing Spring TestDispatcherServlet ''
2026-03-24 10:16:41 [main] INFO  o.s.t.w.s.TestDispatcherServlet - Initializing Servlet ''
2026-03-24 10:16:41 [main] INFO  o.s.t.w.s.TestDispatcherServlet - Completed initialization in 1 ms
2026-03-24 10:16:41 [main] INFO  r.k.d.c.OrderControllerTest - Started OrderControllerTest in 1.241 seconds (process running for 14.772)
2026-03-24 10:16:41 [main] INFO  o.s.t.c.s.AnnotationConfigContextLoaderUtils - Could not detect default configuration classes for test class [ro.krumpi.demo.controllerTests.ProductControllerTest]: ProductControllerTest does not declare any static, non-private, non-final, nested classes annotated with @Configuration.
2026-03-24 10:16:41 [main] INFO  o.s.b.t.c.SpringBootTestContextBootstrapper - Found @SpringBootConfiguration ro.krumpi.demo.DemoApplication for test class ro.krumpi.demo.controllerTests.ProductControllerTest
2026-03-24 10:16:41 [main] INFO  r.k.d.c.ProductControllerTest - Starting ProductControllerTest using Java 21.0.9 with PID 43016 (started by CĆTĆLINA$ in C:\Users\ungur\OneDrive\Documente\cata\proiecte personale\ntt\proiect\Java-Tech_Treck\backend)
2026-03-24 10:16:41 [main] DEBUG r.k.d.c.ProductControllerTest - Running with Spring Boot v3.3.4, Spring v6.1.13
2026-03-24 10:16:41 [main] INFO  r.k.d.c.ProductControllerTest - No active profile set, falling back to 1 default profile: "default"
2026-03-24 10:16:42 [main] WARN  o.s.b.a.s.s.UserDetailsServiceAutoConfiguration - 

Using generated security password: 54c3a590-5c4c-476a-9056-7d65ce1d5e88

This generated password is for development use only. Your security configuration must be updated before running your application in production.

2026-03-24 10:16:42 [main] INFO  o.s.s.c.a.a.c.InitializeUserDetailsBeanManagerConfigurer$InitializeUserDetailsManagerConfigurer - Global AuthenticationManager configured with UserDetailsService bean with name inMemoryUserDetailsManager
2026-03-24 10:16:42 [main] INFO  o.s.b.t.m.w.SpringBootMockServletContext - Initializing Spring TestDispatcherServlet ''
2026-03-24 10:16:42 [main] INFO  o.s.t.w.s.TestDispatcherServlet - Initializing Servlet ''
2026-03-24 10:16:42 [main] INFO  o.s.t.w.s.TestDispatcherServlet - Completed initialization in 1 ms
2026-03-24 10:16:42 [main] INFO  r.k.d.c.ProductControllerTest - Started ProductControllerTest in 0.759 seconds (process running for 15.707)
2026-03-24 10:16:42 [main] INFO  o.s.t.c.s.AnnotationConfigContextLoaderUtils - Could not detect default configuration classes for test class [ro.krumpi.demo.DemoApplicationTests]: DemoApplicationTests does not declare any static, non-private, non-final, nested classes annotated with @Configuration.
2026-03-24 10:16:42 [main] INFO  o.s.b.t.c.SpringBootTestContextBootstrapper - Found @SpringBootConfiguration ro.krumpi.demo.DemoApplication for test class ro.krumpi.demo.DemoApplicationTests
2026-03-24 10:16:42 [main] INFO  ro.krumpi.demo.DemoApplicationTests - Starting DemoApplicationTests using Java 21.0.9 with PID 43016 (started by CĆTĆLINA$ in C:\Users\ungur\OneDrive\Documente\cata\proiecte personale\ntt\proiect\Java-Tech_Treck\backend)
2026-03-24 10:16:42 [main] DEBUG ro.krumpi.demo.DemoApplicationTests - Running with Spring Boot v3.3.4, Spring v6.1.13
2026-03-24 10:16:42 [main] INFO  ro.krumpi.demo.DemoApplicationTests - The following 1 profile is active: "test"
2026-03-24 10:16:43 [main] INFO  o.s.d.r.c.RepositoryConfigurationDelegate - Bootstrapping Spring Data JPA repositories in DEFAULT mode.
2026-03-24 10:16:43 [main] INFO  o.s.d.r.c.RepositoryConfigurationDelegate - Finished Spring Data repository scanning in 149 ms. Found 10 JPA repository interfaces.
2026-03-24 10:16:44 [main] INFO  o.h.jpa.internal.util.LogHelper - HHH000204: Processing PersistenceUnitInfo [name: default]
2026-03-24 10:16:44 [main] INFO  org.hibernate.Version - HHH000412: Hibernate ORM core version 6.5.3.Final
2026-03-24 10:16:45 [main] INFO  o.h.c.i.RegionFactoryInitiator - HHH000026: Second-level cache disabled
2026-03-24 10:16:45 [main] INFO  o.s.o.j.p.SpringPersistenceUnitInfo - No LoadTimeWeaver setup: ignoring JPA class transformer
2026-03-24 10:16:45 [main] INFO  com.zaxxer.hikari.HikariDataSource - HikariPool-1 - Starting...
2026-03-24 10:16:46 [main] INFO  com.zaxxer.hikari.pool.HikariPool - HikariPool-1 - Added connection conn0: url=jdbc:h2:mem:testdb user=POSTGRES
2026-03-24 10:16:46 [main] INFO  com.zaxxer.hikari.HikariDataSource - HikariPool-1 - Start completed.
2026-03-24 10:16:47 [main] WARN  org.hibernate.dialect.Dialect - HHH000511: The 2.2.224 version for [org.hibernate.dialect.PostgreSQLDialect] is no longer supported, hence certain features may not work properly. The minimum supported version is 12.0.0. Check the community dialects project for available legacy versions.
2026-03-24 10:16:47 [main] WARN  org.hibernate.orm.deprecation - HHH90000025: PostgreSQLDialect does not need to be specified explicitly using 'hibernate.dialect' (remove the property setting and it will be selected by default)
2026-03-24 10:16:51 [main] INFO  o.h.e.t.j.p.i.JtaPlatformInitiator - HHH000489: No JTA platform available (set 'hibernate.transaction.jta.platform' to enable JTA platform integration)
2026-03-24 10:16:51 [main] INFO  o.s.o.j.LocalContainerEntityManagerFactoryBean - Initialized JPA EntityManagerFactory for persistence unit 'default'
2026-03-24 10:16:52 [main] INFO  o.s.s.c.a.a.c.InitializeAuthenticationProviderBeanManagerConfigurer$InitializeAuthenticationProviderManagerConfigurer - Global AuthenticationManager configured with AuthenticationProvider bean with name authenticationProvider
2026-03-24 10:16:52 [main] WARN  o.s.s.c.a.a.c.InitializeUserDetailsBeanManagerConfigurer$InitializeUserDetailsManagerConfigurer - Global AuthenticationManager configured with an AuthenticationProvider bean. UserDetailsService beans will not be used for username/password login. Consider removing the AuthenticationProvider bean. Alternatively, consider using the UserDetailsService in a manually instantiated DaoAuthenticationProvider.
2026-03-24 10:16:53 [main] INFO  o.s.d.j.r.query.QueryEnhancerFactory - Hibernate is in classpath; If applicable, HQL parser will be used.
2026-03-24 10:16:54 [main] WARN  o.s.b.a.o.j.JpaBaseConfiguration$JpaWebConfiguration - spring.jpa.open-in-view is enabled by default. Therefore, database queries may be performed during view rendering. Explicitly configure spring.jpa.open-in-view to disable this warning
2026-03-24 10:16:55 [main] INFO  ro.krumpi.demo.DemoApplicationTests - Started DemoApplicationTests in 13.648 seconds (process running for 29.466)
2026-03-24 10:16:57 [main] ERROR r.k.d.s.InvoiceNotificationScheduler - Eroarr INV-2026-001: SMTP Server Down
2026-03-24 10:16:57 [SpringApplicationShutdownHook] INFO  o.s.o.j.LocalContainerEntityManagerFactoryBean - Closing JPA EntityManagerFactory for persistence unit 'default'
2026-03-24 10:16:58 [SpringApplicationShutdownHook] INFO  com.zaxxer.hikari.HikariDataSource - HikariPool-1 - Shutdown initiated...
2026-03-24 10:16:58 [SpringApplicationShutdownHook] INFO  com.zaxxer.hikari.HikariDataSource - HikariPool-1 - Shutdown completed.
